23-01-2019 15:46:55.640 [main] ERROR o.s.boot.SpringApplication.reportFailure - Application run failed
java.lang.IllegalStateException: Logback configuration error detected: 
ERROR in ch.qos.logback.core.joran.spi.Interpreter@7:11 - no applicable action for [file], current ElementPath  is [[configuration][appender][file]]
	at org.springframework.boot.logging.logback.LogbackLoggingSystem.loadConfiguration(LogbackLoggingSystem.java:169)
	at org.springframework.boot.logging.logback.LogbackLoggingSystem.reinitialize(LogbackLoggingSystem.java:224)
	at org.springframework.boot.logging.AbstractLoggingSystem.initializeWithConventions(AbstractLoggingSystem.java:75)
	at org.springframework.boot.logging.AbstractLoggingSystem.initialize(AbstractLoggingSystem.java:60)
	at org.springframework.boot.logging.logback.LogbackLoggingSystem.initialize(LogbackLoggingSystem.java:117)
	at org.springframework.boot.context.logging.LoggingApplicationListener.initializeSystem(LoggingApplicationListener.java:293)
	at org.springframework.boot.context.logging.LoggingApplicationListener.initialize(LoggingApplicationListener.java:266)
	at org.springframework.boot.context.logging.LoggingApplicationListener.onApplicationEnvironmentPreparedEvent(LoggingApplicationListener.java:229)
	at org.springframework.boot.context.logging.LoggingApplicationListener.onApplicationEvent(LoggingApplicationListener.java:202)
	at org.springframework.context.event.SimpleApplicationEventMulticaster.doInvokeListener(SimpleApplicationEventMulticaster.java:172)
	at org.springframework.context.event.SimpleApplicationEventMulticaster.invokeListener(SimpleApplicationEventMulticaster.java:165)
	at org.springframework.context.event.SimpleApplicationEventMulticaster.multicastEvent(SimpleApplicationEventMulticaster.java:139)
	at org.springframework.context.event.SimpleApplicationEventMulticaster.multicastEvent(SimpleApplicationEventMulticaster.java:127)
	at org.springframework.boot.context.event.EventPublishingRunListener.environmentPrepared(EventPublishingRunListener.java:75)
	at org.springframework.boot.SpringApplicationRunListeners.environmentPrepared(SpringApplicationRunListeners.java:54)
	at org.springframework.boot.SpringApplication.prepareEnvironment(SpringApplication.java:347)
	at org.springframework.boot.SpringApplication.run(SpringApplication.java:306)
	at org.springframework.boot.SpringApplication.run(SpringApplication.java:1260)
	at org.springframework.boot.SpringApplication.run(SpringApplication.java:1248)
	at edu.boot.camel.BootCamelApplication.main(BootCamelApplication.java:10)
23-01-2019 15:48:00.507 [main] INFO  edu.boot.camel.BootCamelApplication.logStarting - Starting BootCamelApplication on ODE-1970 with PID 16028 (C:\Users\rmathew\camel-workspace\BootCamel\target\classes started by rmathew in C:\Users\rmathew\camel-workspace\BootCamel)
23-01-2019 15:48:00.509 [main] INFO  edu.boot.camel.BootCamelApplication.logStartupProfileInfo - The following profiles are active: dev
23-01-2019 15:48:01.154 [main] INFO  o.s.c.s.PostProcessorRegistrationDelegate$BeanPostProcessorChecker.postProcessAfterInitialization - Bean 'org.apache.camel.spring.boot.CamelAutoConfiguration' of type [org.apache.camel.spring.boot.CamelAutoConfiguration$$EnhancerBySpringCGLIB$$bdeea44d] is not eligible for getting processed by all BeanPostProcessors (for example: not eligible for auto-proxying)
23-01-2019 15:48:01.382 [main] INFO  o.s.b.w.e.tomcat.TomcatWebServer.initialize - Tomcat initialized with port(s): 9090 (http)
23-01-2019 15:48:01.390 [main] INFO  o.a.coyote.http11.Http11NioProtocol.log - Initializing ProtocolHandler ["http-nio-9090"]
23-01-2019 15:48:01.396 [main] INFO  o.a.catalina.core.StandardService.log - Starting service [Tomcat]
23-01-2019 15:48:01.396 [main] INFO  o.a.catalina.core.StandardEngine.log - Starting Servlet engine: [Apache Tomcat/9.0.14]
23-01-2019 15:48:01.400 [main] INFO  o.a.c.core.AprLifecycleListener.log - The APR based Apache Tomcat Native library which allows optimal performance in production environments was not found on the java.library.path: [C:\Program Files (x86)\Java\jre1.8.0_191\bin;C:\Windows\Sun\Java\bin;C:\Windows\system32;C:\Windows;C:\Python27\;C:\Python27\Scripts;C:\ProgramData\Boxstarter;C:\Program Files (x86)\Intel\Intel(R) Management Engine Components\iCLS\;C:\Program Files\Intel\Intel(R) Management Engine Components\iCLS\;C:\Windows\system32;C:\Windows;C:\Windows\System32\Wbem;C:\Windows\System32\WindowsPowerShell\v1.0\;C:\Windows\System32\OpenSSH\;C:\Program Files\Intel\WiFi\bin\;C:\Program Files\Common Files\Intel\WirelessCommon\;C:\Program Files (x86)\Intel\Intel(R) Management Engine Components\DAL;C:\Program Files\Intel\Intel(R) Management Engine Components\DAL;C:\Users\rmathew\jboss-eap-7.0\bin;C:\Program Files (x86)\GitExtensions\;C:\Program Files\Git\cmd;C:\Program Files\nodejs\;C:\ProgramData\chocolatey\bin;C:\Development\apache-maven-3.6.0\bin;C:\Development\apache-ant-1.10.5\bin;C:\Program Files\Java\jre1.8.0_191;C:\Development\vault.exe;C:\Users\rmathew\AppData\Local\Microsoft\WindowsApps;C:\Users\rmathew\AppData\Roaming\npm;C:\Users\rmathew\AppData\Local\Programs\Microsoft VS Code\bin;.]
23-01-2019 15:48:01.459 [main] INFO  o.a.c.c.C.[Tomcat].[localhost].[/].log - Initializing Spring embedded WebApplicationContext
23-01-2019 15:48:01.460 [main] INFO  o.s.web.context.ContextLoader.prepareWebApplicationContext - Root WebApplicationContext: initialization completed in 925 ms
23-01-2019 15:48:01.618 [main] INFO  o.s.s.c.ThreadPoolTaskExecutor.initialize - Initializing ExecutorService 'applicationTaskExecutor'
23-01-2019 15:48:01.787 [main] INFO  o.a.c.i.c.DefaultTypeConverter.doStart - Type converters loaded (core: 195, classpath: 1)
23-01-2019 15:48:01.987 [main] INFO  o.a.c.spring.boot.RoutesCollector.loadXmlRoutes - Loading additional Camel XML routes from: classpath:camel/*.xml
23-01-2019 15:48:01.987 [main] INFO  o.a.c.spring.boot.RoutesCollector.loadXmlRests - Loading additional Camel XML rests from: classpath:camel-rest/*.xml
23-01-2019 15:48:01.991 [main] INFO  o.a.camel.spring.SpringCamelContext.start - Apache Camel 2.23.1 (CamelContext: camel-1) is starting
23-01-2019 15:48:01.991 [main] INFO  o.a.c.m.ManagedManagementStrategy.doStart - JMX is enabled
23-01-2019 15:48:02.109 [main] INFO  o.a.camel.spring.SpringCamelContext.doStartCamel - StreamCaching is not in use. If using streams then its recommended to enable stream caching. See more details at http://camel.apache.org/stream-caching.html
23-01-2019 15:48:02.143 [main] INFO  o.a.camel.spring.SpringCamelContext.doStartOrResumeRouteConsumers - Route: route1 started and consuming from: timer://hello?period=10s
23-01-2019 15:48:02.144 [main] INFO  o.a.camel.spring.SpringCamelContext.start - Total 1 routes, of which 1 are started
23-01-2019 15:48:02.145 [main] INFO  o.a.camel.spring.SpringCamelContext.start - Apache Camel 2.23.1 (CamelContext: camel-1) started in 0.154 seconds
23-01-2019 15:48:02.145 [main] INFO  o.a.coyote.http11.Http11NioProtocol.log - Starting ProtocolHandler ["http-nio-9090"]
23-01-2019 15:48:02.165 [main] INFO  o.s.b.w.e.tomcat.TomcatWebServer.start - Tomcat started on port(s): 9090 (http) with context path ''
23-01-2019 15:48:02.172 [main] INFO  edu.boot.camel.BootCamelApplication.logStarted - Started BootCamelApplication in 1.933 seconds (JVM running for 2.545)
23-01-2019 15:48:03.151 [Camel (camel-1) thread #1 - timer://hello] INFO  route1.log - Timer invoked and the body is null
23-01-2019 15:48:54.279 [RMI TCP Connection(10)-127.0.0.1] INFO  o.s.b.a.SpringApplicationAdminMXBeanRegistrar$SpringApplicationAdmin.shutdown - Application shutdown requested.
23-01-2019 15:48:54.281 [RMI TCP Connection(10)-127.0.0.1] INFO  o.a.camel.spring.SpringCamelContext.doStop - Apache Camel 2.23.1 (CamelContext: camel-1) is shutting down
23-01-2019 15:48:54.282 [RMI TCP Connection(10)-127.0.0.1] INFO  o.a.c.impl.DefaultShutdownStrategy.doShutdown - Starting to graceful shutdown 1 routes (timeout 2 seconds)
23-01-2019 15:48:54.284 [Camel (camel-1) thread #2 - ShutdownTask] INFO  o.a.c.impl.DefaultShutdownStrategy.run - Waiting as there are still 1 inflight and pending exchanges to complete, timeout in 2 seconds. Inflights per route: [route1 = 1]
23-01-2019 15:48:54.285 [Camel (camel-1) thread #2 - ShutdownTask] INFO  o.a.c.impl.DefaultShutdownStrategy.logInflightExchanges - There are 1 inflight exchanges:
	InflightExchange: [exchangeId=ID-ODE-1970-1548276481721-0-1, fromRouteId=route1, routeId=route1, nodeId=pollEnrich1, elapsed=0, duration=51136]
23-01-2019 15:48:55.286 [Camel (camel-1) thread #2 - ShutdownTask] INFO  o.a.c.impl.DefaultShutdownStrategy.run - Waiting as there are still 1 inflight and pending exchanges to complete, timeout in 1 seconds. Inflights per route: [route1 = 1]
23-01-2019 15:48:55.286 [Camel (camel-1) thread #2 - ShutdownTask] INFO  o.a.c.impl.DefaultShutdownStrategy.logInflightExchanges - There are 1 inflight exchanges:
	InflightExchange: [exchangeId=ID-ODE-1970-1548276481721-0-1, fromRouteId=route1, routeId=route1, nodeId=pollEnrich1, elapsed=0, duration=52137]
23-01-2019 15:48:56.285 [Camel (camel-1) thread #2 - ShutdownTask] WARN  o.a.c.impl.DefaultShutdownStrategy.run - Interrupted while waiting during graceful shutdown, will force shutdown now.
23-01-2019 15:48:56.285 [RMI TCP Connection(10)-127.0.0.1] WARN  o.a.c.impl.DefaultShutdownStrategy.doShutdown - Timeout occurred during graceful shutdown. Forcing the routes to be shutdown now. Notice: some resources may still be running as graceful shutdown did not complete successfully.
23-01-2019 15:48:56.285 [RMI TCP Connection(10)-127.0.0.1] INFO  o.a.c.impl.DefaultShutdownStrategy.logInflightExchanges - There are 1 inflight exchanges:
	InflightExchange: [exchangeId=ID-ODE-1970-1548276481721-0-1, fromRouteId=route1, routeId=route1, nodeId=pollEnrich1, elapsed=0, duration=53136]
23-01-2019 15:48:56.285 [RMI TCP Connection(10)-127.0.0.1] INFO  o.a.c.impl.DefaultShutdownStrategy.doShutdown - Graceful shutdown of 1 routes completed in 2 seconds
23-01-2019 15:48:56.287 [Camel (camel-1) thread #2 - ShutdownTask] INFO  o.a.c.impl.DefaultShutdownStrategy.run - Route: route1 shutdown complete, was consuming from: timer://hello?period=10s
23-01-2019 15:48:56.288 [RMI TCP Connection(10)-127.0.0.1] WARN  o.a.c.impl.DefaultInflightRepository.doStop - Shutting down while there are still 1 inflight exchanges.
23-01-2019 15:48:56.289 [RMI TCP Connection(10)-127.0.0.1] INFO  o.a.camel.spring.SpringCamelContext.doStop - Apache Camel 2.23.1 (CamelContext: camel-1) uptime 54.299 seconds
23-01-2019 15:48:56.290 [RMI TCP Connection(10)-127.0.0.1] INFO  o.a.camel.spring.SpringCamelContext.doStop - Apache Camel 2.23.1 (CamelContext: camel-1) is shutdown in 2.009 seconds
23-01-2019 15:48:56.291 [RMI TCP Connection(10)-127.0.0.1] INFO  o.s.s.c.ThreadPoolTaskExecutor.shutdown - Shutting down ExecutorService 'applicationTaskExecutor'
23-01-2019 16:16:37.980 [main] INFO  o.s.b.t.c.SpringBootTestContextBootstrapper.buildDefaultMergedContextConfiguration - Neither @ContextConfiguration nor @ContextHierarchy found for test class [edu.boot.camel.route.SimpleCamelRouteTest], using SpringBootContextLoader
23-01-2019 16:16:37.986 [main] INFO  o.s.t.c.s.AbstractContextLoader.generateDefaultLocations - Could not detect default resource locations for test class [edu.boot.camel.route.SimpleCamelRouteTest]: no resource found for suffixes {-context.xml, Context.groovy}.
23-01-2019 16:16:37.987 [main] INFO  o.s.t.c.s.AnnotationConfigContextLoaderUtils.detectDefaultConfigurationClasses - Could not detect default configuration classes for test class [edu.boot.camel.route.SimpleCamelRouteTest]: SimpleCamelRouteTest does not declare any static, non-private, non-final, nested classes annotated with @Configuration.
23-01-2019 16:16:38.083 [main] INFO  o.s.b.t.c.SpringBootTestContextBootstrapper.getOrFindConfigurationClasses - Found @SpringBootConfiguration edu.boot.camel.BootCamelApplication for test class edu.boot.camel.route.SimpleCamelRouteTest
23-01-2019 16:16:38.177 [main] INFO  o.s.b.t.c.SpringBootTestContextBootstrapper.getDefaultTestExecutionListenerClassNames - Loaded default TestExecutionListener class names from location [META-INF/spring.factories]: [org.springframework.boot.test.mock.mockito.MockitoTestExecutionListener, org.springframework.boot.test.mock.mockito.ResetMocksTestExecutionListener, org.springframework.boot.test.autoconfigure.restdocs.RestDocsTestExecutionListener, org.springframework.boot.test.autoconfigure.web.client.MockRestServiceServerResetTestExecutionListener, org.springframework.boot.test.autoconfigure.web.servlet.MockMvcPrintOnlyOnFailureTestExecutionListener, org.springframework.boot.test.autoconfigure.web.servlet.WebDriverTestExecutionListener, org.springframework.test.context.web.ServletTestExecutionListener, org.springframework.test.context.support.DirtiesContextBeforeModesTestExecutionListener, org.springframework.test.context.support.DependencyInjectionTestExecutionListener, org.springframework.test.context.support.DirtiesContextTestExecutionListener, org.springframework.test.context.transaction.TransactionalTestExecutionListener, org.springframework.test.context.jdbc.SqlScriptsTestExecutionListener]
23-01-2019 16:16:38.192 [main] INFO  o.s.b.t.c.SpringBootTestContextBootstrapper.getTestExecutionListeners - Using TestExecutionListeners: [org.springframework.test.context.web.ServletTestExecutionListener@ddbd7e, org.springframework.test.context.support.DirtiesContextBeforeModesTestExecutionListener@e52ef6, org.springframework.boot.test.mock.mockito.MockitoTestExecutionListener@d3ccb2, org.springframework.boot.test.autoconfigure.SpringBootDependencyInjectionTestExecutionListener@677343, org.springframework.test.context.support.DirtiesContextTestExecutionListener@1de0b3c, org.springframework.test.context.transaction.TransactionalTestExecutionListener@9115ef, org.springframework.test.context.jdbc.SqlScriptsTestExecutionListener@57f613, org.springframework.boot.test.mock.mockito.ResetMocksTestExecutionListener@18b6731, org.springframework.boot.test.autoconfigure.restdocs.RestDocsTestExecutionListener@6908d7, org.springframework.boot.test.autoconfigure.web.client.MockRestServiceServerResetTestExecutionListener@9754d8, org.springframework.boot.test.autoconfigure.web.servlet.MockMvcPrintOnlyOnFailureTestExecutionListener@1f7ca37, org.springframework.boot.test.autoconfigure.web.servlet.WebDriverTestExecutionListener@1079097]
23-01-2019 16:16:38.216 [main] INFO  o.a.c.t.s.CamelSpringBootExecutionListener.prepareTestInstance - @RunWith(CamelSpringBootRunner.class) preparing: class edu.boot.camel.route.SimpleCamelRouteTest
23-01-2019 16:16:38.489 [main] INFO  e.b.camel.route.SimpleCamelRouteTest.logStarting - Starting SimpleCamelRouteTest on ODE-1970 with PID 7828 (started by rmathew in C:\Users\rmathew\camel-workspace\BootCamel)
23-01-2019 16:16:38.489 [main] INFO  e.b.camel.route.SimpleCamelRouteTest.logStartupProfileInfo - The following profiles are active: dev
23-01-2019 16:16:39.267 [main] INFO  o.s.c.s.PostProcessorRegistrationDelegate$BeanPostProcessorChecker.postProcessAfterInitialization - Bean 'org.apache.camel.spring.boot.CamelAutoConfiguration' of type [org.apache.camel.spring.boot.CamelAutoConfiguration$$EnhancerBySpringCGLIB$$2973894c] is not eligible for getting processed by all BeanPostProcessors (for example: not eligible for auto-proxying)
23-01-2019 16:16:39.699 [main] INFO  o.s.s.c.ThreadPoolTaskExecutor.initialize - Initializing ExecutorService 'applicationTaskExecutor'
23-01-2019 16:16:39.992 [main] INFO  o.a.c.i.c.DefaultTypeConverter.doStart - Type converters loaded (core: 195, classpath: 1)
23-01-2019 16:16:40.390 [main] INFO  e.boot.camel.route.SimpleCamelRoute.configure - Starting the camel route
23-01-2019 16:16:40.427 [main] INFO  e.boot.camel.route.SimpleCamelRoute.configure - Ending the camel route
23-01-2019 16:16:40.428 [main] INFO  o.a.c.spring.boot.RoutesCollector.loadXmlRoutes - Loading additional Camel XML routes from: classpath:camel/*.xml
23-01-2019 16:16:40.428 [main] INFO  o.a.c.spring.boot.RoutesCollector.loadXmlRests - Loading additional Camel XML rests from: classpath:camel-rest/*.xml
23-01-2019 16:16:40.434 [main] INFO  e.b.camel.route.SimpleCamelRouteTest.logStarted - Started SimpleCamelRouteTest in 2.171 seconds (JVM running for 2.822)
23-01-2019 16:16:40.437 [main] INFO  o.a.c.t.s.CamelAnnotationsHandler.execute - Setting shutdown timeout to [10 SECONDS] on CamelContext with name [camelContext].
23-01-2019 16:16:40.468 [main] INFO  o.a.c.t.s.CamelSpringBootExecutionListener.beforeTestMethod - @RunWith(CamelSpringBootRunner.class) before: class edu.boot.camel.route.SimpleCamelRouteTest.testMoveFile
23-01-2019 16:16:40.469 [main] INFO  o.a.c.t.s.CamelSpringBootExecutionListener.beforeTestMethod - Initialized CamelSpringBootRunner now ready to start CamelContext
23-01-2019 16:16:40.469 [main] INFO  o.a.c.t.s.CamelAnnotationsHandler.execute - Starting CamelContext with name [camelContext].
23-01-2019 16:16:40.470 [main] INFO  o.a.camel.spring.SpringCamelContext.start - Apache Camel 2.23.1 (CamelContext: camel-1) is starting
23-01-2019 16:16:40.471 [main] INFO  o.a.c.m.ManagedManagementStrategy.doStart - JMX is enabled
23-01-2019 16:16:40.661 [main] INFO  o.a.camel.spring.SpringCamelContext.doStartCamel - StreamCaching is not in use. If using streams then its recommended to enable stream caching. See more details at http://camel.apache.org/stream-caching.html
23-01-2019 16:16:40.709 [main] INFO  o.a.camel.spring.SpringCamelContext.doStartOrResumeRouteConsumers - Route: route1 started and consuming from: timer://hello?period=10s
23-01-2019 16:16:40.710 [main] INFO  o.a.camel.spring.SpringCamelContext.start - Total 1 routes, of which 1 are started
23-01-2019 16:16:40.710 [main] INFO  o.a.camel.spring.SpringCamelContext.start - Apache Camel 2.23.1 (CamelContext: camel-1) started in 0.240 seconds
23-01-2019 16:16:41.713 [Camel (camel-1) thread #1 - timer://hello] INFO  route1.log - Timer invoked and the body is null
23-01-2019 16:16:43.852 [main] INFO  o.a.camel.spring.SpringCamelContext.doStop - Apache Camel 2.23.1 (CamelContext: camel-1) is shutting down
23-01-2019 16:16:43.852 [main] INFO  o.a.c.impl.DefaultShutdownStrategy.doShutdown - Starting to graceful shutdown 1 routes (timeout 10 seconds)
23-01-2019 16:16:43.856 [Camel (camel-1) thread #2 - ShutdownTask] INFO  o.a.c.impl.DefaultShutdownStrategy.run - Route: route1 shutdown complete, was consuming from: timer://hello?period=10s
23-01-2019 16:16:43.856 [main] INFO  o.a.c.impl.DefaultShutdownStrategy.doShutdown - Graceful shutdown of 1 routes completed in 0 seconds
23-01-2019 16:16:43.858 [main] INFO  o.a.camel.spring.SpringCamelContext.doStop - Apache Camel 2.23.1 (CamelContext: camel-1) uptime 3.388 seconds
23-01-2019 16:16:43.858 [main] INFO  o.a.camel.spring.SpringCamelContext.doStop - Apache Camel 2.23.1 (CamelContext: camel-1) is shutdown in 0.006 seconds
23-01-2019 16:16:43.859 [main] INFO  o.s.s.c.ThreadPoolTaskExecutor.shutdown - Shutting down ExecutorService 'applicationTaskExecutor'
23-01-2019 16:16:43.860 [main] INFO  e.b.camel.route.SimpleCamelRouteTest.afterTestMethod - ********************************************************************************
23-01-2019 16:16:43.860 [main] INFO  e.b.camel.route.SimpleCamelRouteTest.afterTestMethod - Testing done: testMoveFile(edu.boot.camel.route.SimpleCamelRouteTest)
23-01-2019 16:16:43.860 [main] INFO  e.b.camel.route.SimpleCamelRouteTest.afterTestMethod - Took: 3.149 seconds (3149 millis)
23-01-2019 16:16:43.860 [main] INFO  e.b.camel.route.SimpleCamelRouteTest.afterTestMethod - ********************************************************************************
23-01-2019 16:16:43.860 [main] INFO  o.a.c.t.s.CamelSpringBootExecutionListener.afterTestMethod - @RunWith(CamelSpringBootRunner.class) after: class edu.boot.camel.route.SimpleCamelRouteTest.testMoveFile
23-01-2019 16:18:59.669 [main] INFO  o.s.b.t.c.SpringBootTestContextBootstrapper.buildDefaultMergedContextConfiguration - Neither @ContextConfiguration nor @ContextHierarchy found for test class [edu.boot.camel.route.SimpleCamelRouteTest], using SpringBootContextLoader
23-01-2019 16:18:59.675 [main] INFO  o.s.t.c.s.AbstractContextLoader.generateDefaultLocations - Could not detect default resource locations for test class [edu.boot.camel.route.SimpleCamelRouteTest]: no resource found for suffixes {-context.xml, Context.groovy}.
23-01-2019 16:18:59.676 [main] INFO  o.s.t.c.s.AnnotationConfigContextLoaderUtils.detectDefaultConfigurationClasses - Could not detect default configuration classes for test class [edu.boot.camel.route.SimpleCamelRouteTest]: SimpleCamelRouteTest does not declare any static, non-private, non-final, nested classes annotated with @Configuration.
23-01-2019 16:18:59.775 [main] INFO  o.s.b.t.c.SpringBootTestContextBootstrapper.getOrFindConfigurationClasses - Found @SpringBootConfiguration edu.boot.camel.BootCamelApplication for test class edu.boot.camel.route.SimpleCamelRouteTest
23-01-2019 16:18:59.853 [main] INFO  o.s.b.t.c.SpringBootTestContextBootstrapper.getDefaultTestExecutionListenerClassNames - Loaded default TestExecutionListener class names from location [META-INF/spring.factories]: [org.springframework.boot.test.mock.mockito.MockitoTestExecutionListener, org.springframework.boot.test.mock.mockito.ResetMocksTestExecutionListener, org.springframework.boot.test.autoconfigure.restdocs.RestDocsTestExecutionListener, org.springframework.boot.test.autoconfigure.web.client.MockRestServiceServerResetTestExecutionListener, org.springframework.boot.test.autoconfigure.web.servlet.MockMvcPrintOnlyOnFailureTestExecutionListener, org.springframework.boot.test.autoconfigure.web.servlet.WebDriverTestExecutionListener, org.springframework.test.context.web.ServletTestExecutionListener, org.springframework.test.context.support.DirtiesContextBeforeModesTestExecutionListener, org.springframework.test.context.support.DependencyInjectionTestExecutionListener, org.springframework.test.context.support.DirtiesContextTestExecutionListener, org.springframework.test.context.transaction.TransactionalTestExecutionListener, org.springframework.test.context.jdbc.SqlScriptsTestExecutionListener]
23-01-2019 16:18:59.865 [main] INFO  o.s.b.t.c.SpringBootTestContextBootstrapper.getTestExecutionListeners - Using TestExecutionListeners: [org.springframework.test.context.web.ServletTestExecutionListener@ddbd7e, org.springframework.test.context.support.DirtiesContextBeforeModesTestExecutionListener@e52ef6, org.springframework.boot.test.mock.mockito.MockitoTestExecutionListener@d3ccb2, org.springframework.boot.test.autoconfigure.SpringBootDependencyInjectionTestExecutionListener@677343, org.springframework.test.context.support.DirtiesContextTestExecutionListener@1de0b3c, org.springframework.test.context.transaction.TransactionalTestExecutionListener@9115ef, org.springframework.test.context.jdbc.SqlScriptsTestExecutionListener@57f613, org.springframework.boot.test.mock.mockito.ResetMocksTestExecutionListener@18b6731, org.springframework.boot.test.autoconfigure.restdocs.RestDocsTestExecutionListener@6908d7, org.springframework.boot.test.autoconfigure.web.client.MockRestServiceServerResetTestExecutionListener@9754d8, org.springframework.boot.test.autoconfigure.web.servlet.MockMvcPrintOnlyOnFailureTestExecutionListener@1f7ca37, org.springframework.boot.test.autoconfigure.web.servlet.WebDriverTestExecutionListener@1079097]
23-01-2019 16:18:59.890 [main] INFO  o.a.c.t.s.CamelSpringBootExecutionListener.prepareTestInstance - @RunWith(CamelSpringBootRunner.class) preparing: class edu.boot.camel.route.SimpleCamelRouteTest
23-01-2019 16:19:00.173 [main] INFO  e.b.camel.route.SimpleCamelRouteTest.logStarting - Starting SimpleCamelRouteTest on ODE-1970 with PID 20108 (started by rmathew in C:\Users\rmathew\camel-workspace\BootCamel)
23-01-2019 16:19:00.173 [main] INFO  e.b.camel.route.SimpleCamelRouteTest.logStartupProfileInfo - The following profiles are active: dev
23-01-2019 16:19:00.942 [main] INFO  o.s.c.s.PostProcessorRegistrationDelegate$BeanPostProcessorChecker.postProcessAfterInitialization - Bean 'org.apache.camel.spring.boot.CamelAutoConfiguration' of type [org.apache.camel.spring.boot.CamelAutoConfiguration$$EnhancerBySpringCGLIB$$20d42f42] is not eligible for getting processed by all BeanPostProcessors (for example: not eligible for auto-proxying)
23-01-2019 16:19:01.366 [main] INFO  o.s.s.c.ThreadPoolTaskExecutor.initialize - Initializing ExecutorService 'applicationTaskExecutor'
23-01-2019 16:19:01.625 [main] INFO  o.a.c.i.c.DefaultTypeConverter.doStart - Type converters loaded (core: 195, classpath: 1)
23-01-2019 16:19:02.045 [main] INFO  e.boot.camel.route.SimpleCamelRoute.configure - Starting the camel route
23-01-2019 16:19:02.081 [main] INFO  e.boot.camel.route.SimpleCamelRoute.configure - Ending the camel route
23-01-2019 16:19:02.081 [main] INFO  o.a.c.spring.boot.RoutesCollector.loadXmlRoutes - Loading additional Camel XML routes from: classpath:camel/*.xml
23-01-2019 16:19:02.081 [main] INFO  o.a.c.spring.boot.RoutesCollector.loadXmlRests - Loading additional Camel XML rests from: classpath:camel-rest/*.xml
23-01-2019 16:19:02.087 [main] INFO  e.b.camel.route.SimpleCamelRouteTest.logStarted - Started SimpleCamelRouteTest in 2.148 seconds (JVM running for 2.798)
23-01-2019 16:19:02.090 [main] INFO  o.a.c.t.s.CamelAnnotationsHandler.execute - Setting shutdown timeout to [10 SECONDS] on CamelContext with name [camelContext].
23-01-2019 16:19:02.122 [main] INFO  o.a.c.t.s.CamelSpringBootExecutionListener.beforeTestMethod - @RunWith(CamelSpringBootRunner.class) before: class edu.boot.camel.route.SimpleCamelRouteTest.testMoveFile
23-01-2019 16:19:02.123 [main] INFO  o.a.c.t.s.CamelSpringBootExecutionListener.beforeTestMethod - Initialized CamelSpringBootRunner now ready to start CamelContext
23-01-2019 16:19:02.123 [main] INFO  o.a.c.t.s.CamelAnnotationsHandler.execute - Starting CamelContext with name [camelContext].
23-01-2019 16:19:02.124 [main] INFO  o.a.camel.spring.SpringCamelContext.start - Apache Camel 2.23.1 (CamelContext: camel-1) is starting
23-01-2019 16:19:02.125 [main] INFO  o.a.c.m.ManagedManagementStrategy.doStart - JMX is enabled
23-01-2019 16:19:02.299 [main] INFO  o.a.camel.spring.SpringCamelContext.doStartCamel - StreamCaching is not in use. If using streams then its recommended to enable stream caching. See more details at http://camel.apache.org/stream-caching.html
23-01-2019 16:19:02.343 [main] INFO  o.a.camel.spring.SpringCamelContext.doStartOrResumeRouteConsumers - Route: route1 started and consuming from: timer://hello?period=10s
23-01-2019 16:19:02.344 [main] INFO  o.a.camel.spring.SpringCamelContext.start - Total 1 routes, of which 1 are started
23-01-2019 16:19:02.344 [main] INFO  o.a.camel.spring.SpringCamelContext.start - Apache Camel 2.23.1 (CamelContext: camel-1) started in 0.220 seconds
23-01-2019 16:19:03.346 [Camel (camel-1) thread #1 - timer://hello] INFO  route1.log - Timer invoked and the body is null
23-01-2019 16:19:03.386 [Camel (camel-1) thread #1 - timer://hello] INFO  route1.log - The unmarshalled object is $(body)
23-01-2019 16:19:05.478 [main] INFO  o.a.camel.spring.SpringCamelContext.doStop - Apache Camel 2.23.1 (CamelContext: camel-1) is shutting down
23-01-2019 16:19:05.479 [main] INFO  o.a.c.impl.DefaultShutdownStrategy.doShutdown - Starting to graceful shutdown 1 routes (timeout 10 seconds)
23-01-2019 16:19:05.482 [Camel (camel-1) thread #2 - ShutdownTask] INFO  o.a.c.impl.DefaultShutdownStrategy.run - Route: route1 shutdown complete, was consuming from: timer://hello?period=10s
23-01-2019 16:19:05.483 [main] INFO  o.a.c.impl.DefaultShutdownStrategy.doShutdown - Graceful shutdown of 1 routes completed in 0 seconds
23-01-2019 16:19:05.485 [main] INFO  o.a.camel.spring.SpringCamelContext.doStop - Apache Camel 2.23.1 (CamelContext: camel-1) uptime 3.361 seconds
23-01-2019 16:19:05.486 [main] INFO  o.a.camel.spring.SpringCamelContext.doStop - Apache Camel 2.23.1 (CamelContext: camel-1) is shutdown in 0.008 seconds
23-01-2019 16:19:05.487 [main] INFO  o.s.s.c.ThreadPoolTaskExecutor.shutdown - Shutting down ExecutorService 'applicationTaskExecutor'
23-01-2019 16:19:05.487 [main] INFO  e.b.camel.route.SimpleCamelRouteTest.afterTestMethod - ********************************************************************************
23-01-2019 16:19:05.487 [main] INFO  e.b.camel.route.SimpleCamelRouteTest.afterTestMethod - Testing done: testMoveFile(edu.boot.camel.route.SimpleCamelRouteTest)
23-01-2019 16:19:05.487 [main] INFO  e.b.camel.route.SimpleCamelRouteTest.afterTestMethod - Took: 3.142 seconds (3142 millis)
23-01-2019 16:19:05.488 [main] INFO  e.b.camel.route.SimpleCamelRouteTest.afterTestMethod - ********************************************************************************
23-01-2019 16:19:05.488 [main] INFO  o.a.c.t.s.CamelSpringBootExecutionListener.afterTestMethod - @RunWith(CamelSpringBootRunner.class) after: class edu.boot.camel.route.SimpleCamelRouteTest.testMoveFile
23-01-2019 16:20:44.738 [main] INFO  o.s.b.t.c.SpringBootTestContextBootstrapper.buildDefaultMergedContextConfiguration - Neither @ContextConfiguration nor @ContextHierarchy found for test class [edu.boot.camel.route.SimpleCamelRouteTest], using SpringBootContextLoader
23-01-2019 16:20:44.744 [main] INFO  o.s.t.c.s.AbstractContextLoader.generateDefaultLocations - Could not detect default resource locations for test class [edu.boot.camel.route.SimpleCamelRouteTest]: no resource found for suffixes {-context.xml, Context.groovy}.
23-01-2019 16:20:44.744 [main] INFO  o.s.t.c.s.AnnotationConfigContextLoaderUtils.detectDefaultConfigurationClasses - Could not detect default configuration classes for test class [edu.boot.camel.route.SimpleCamelRouteTest]: SimpleCamelRouteTest does not declare any static, non-private, non-final, nested classes annotated with @Configuration.
23-01-2019 16:20:44.842 [main] INFO  o.s.b.t.c.SpringBootTestContextBootstrapper.getOrFindConfigurationClasses - Found @SpringBootConfiguration edu.boot.camel.BootCamelApplication for test class edu.boot.camel.route.SimpleCamelRouteTest
23-01-2019 16:20:44.914 [main] INFO  o.s.b.t.c.SpringBootTestContextBootstrapper.getDefaultTestExecutionListenerClassNames - Loaded default TestExecutionListener class names from location [META-INF/spring.factories]: [org.springframework.boot.test.mock.mockito.MockitoTestExecutionListener, org.springframework.boot.test.mock.mockito.ResetMocksTestExecutionListener, org.springframework.boot.test.autoconfigure.restdocs.RestDocsTestExecutionListener, org.springframework.boot.test.autoconfigure.web.client.MockRestServiceServerResetTestExecutionListener, org.springframework.boot.test.autoconfigure.web.servlet.MockMvcPrintOnlyOnFailureTestExecutionListener, org.springframework.boot.test.autoconfigure.web.servlet.WebDriverTestExecutionListener, org.springframework.test.context.web.ServletTestExecutionListener, org.springframework.test.context.support.DirtiesContextBeforeModesTestExecutionListener, org.springframework.test.context.support.DependencyInjectionTestExecutionListener, org.springframework.test.context.support.DirtiesContextTestExecutionListener, org.springframework.test.context.transaction.TransactionalTestExecutionListener, org.springframework.test.context.jdbc.SqlScriptsTestExecutionListener]
23-01-2019 16:20:44.927 [main] INFO  o.s.b.t.c.SpringBootTestContextBootstrapper.getTestExecutionListeners - Using TestExecutionListeners: [org.springframework.test.context.web.ServletTestExecutionListener@ddbd7e, org.springframework.test.context.support.DirtiesContextBeforeModesTestExecutionListener@e52ef6, org.springframework.boot.test.mock.mockito.MockitoTestExecutionListener@d3ccb2, org.springframework.boot.test.autoconfigure.SpringBootDependencyInjectionTestExecutionListener@677343, org.springframework.test.context.support.DirtiesContextTestExecutionListener@1de0b3c, org.springframework.test.context.transaction.TransactionalTestExecutionListener@9115ef, org.springframework.test.context.jdbc.SqlScriptsTestExecutionListener@57f613, org.springframework.boot.test.mock.mockito.ResetMocksTestExecutionListener@18b6731, org.springframework.boot.test.autoconfigure.restdocs.RestDocsTestExecutionListener@6908d7, org.springframework.boot.test.autoconfigure.web.client.MockRestServiceServerResetTestExecutionListener@9754d8, org.springframework.boot.test.autoconfigure.web.servlet.MockMvcPrintOnlyOnFailureTestExecutionListener@1f7ca37, org.springframework.boot.test.autoconfigure.web.servlet.WebDriverTestExecutionListener@1079097]
23-01-2019 16:20:44.947 [main] INFO  o.a.c.t.s.CamelSpringBootExecutionListener.prepareTestInstance - @RunWith(CamelSpringBootRunner.class) preparing: class edu.boot.camel.route.SimpleCamelRouteTest
23-01-2019 16:20:45.218 [main] INFO  e.b.camel.route.SimpleCamelRouteTest.logStarting - Starting SimpleCamelRouteTest on ODE-1970 with PID 20752 (started by rmathew in C:\Users\rmathew\camel-workspace\BootCamel)
23-01-2019 16:20:45.218 [main] INFO  e.b.camel.route.SimpleCamelRouteTest.logStartupProfileInfo - The following profiles are active: dev
23-01-2019 16:20:45.982 [main] INFO  o.s.c.s.PostProcessorRegistrationDelegate$BeanPostProcessorChecker.postProcessAfterInitialization - Bean 'org.apache.camel.spring.boot.CamelAutoConfiguration' of type [org.apache.camel.spring.boot.CamelAutoConfiguration$$EnhancerBySpringCGLIB$$ff0b5527] is not eligible for getting processed by all BeanPostProcessors (for example: not eligible for auto-proxying)
23-01-2019 16:20:46.413 [main] INFO  o.s.s.c.ThreadPoolTaskExecutor.initialize - Initializing ExecutorService 'applicationTaskExecutor'
23-01-2019 16:20:46.670 [main] INFO  o.a.c.i.c.DefaultTypeConverter.doStart - Type converters loaded (core: 195, classpath: 1)
23-01-2019 16:20:47.095 [main] INFO  e.boot.camel.route.SimpleCamelRoute.configure - Starting the camel route
23-01-2019 16:20:47.139 [main] INFO  e.boot.camel.route.SimpleCamelRoute.configure - Ending the camel route
23-01-2019 16:20:47.139 [main] INFO  o.a.c.spring.boot.RoutesCollector.loadXmlRoutes - Loading additional Camel XML routes from: classpath:camel/*.xml
23-01-2019 16:20:47.140 [main] INFO  o.a.c.spring.boot.RoutesCollector.loadXmlRests - Loading additional Camel XML rests from: classpath:camel-rest/*.xml
23-01-2019 16:20:47.146 [main] INFO  e.b.camel.route.SimpleCamelRouteTest.logStarted - Started SimpleCamelRouteTest in 2.151 seconds (JVM running for 2.794)
23-01-2019 16:20:47.150 [main] INFO  o.a.c.t.s.CamelAnnotationsHandler.execute - Setting shutdown timeout to [10 SECONDS] on CamelContext with name [camelContext].
23-01-2019 16:20:47.177 [main] INFO  o.a.c.t.s.CamelSpringBootExecutionListener.beforeTestMethod - @RunWith(CamelSpringBootRunner.class) before: class edu.boot.camel.route.SimpleCamelRouteTest.testMoveFile
23-01-2019 16:20:47.177 [main] INFO  o.a.c.t.s.CamelSpringBootExecutionListener.beforeTestMethod - Initialized CamelSpringBootRunner now ready to start CamelContext
23-01-2019 16:20:47.178 [main] INFO  o.a.c.t.s.CamelAnnotationsHandler.execute - Starting CamelContext with name [camelContext].
23-01-2019 16:20:47.179 [main] INFO  o.a.camel.spring.SpringCamelContext.start - Apache Camel 2.23.1 (CamelContext: camel-1) is starting
23-01-2019 16:20:47.180 [main] INFO  o.a.c.m.ManagedManagementStrategy.doStart - JMX is enabled
23-01-2019 16:20:47.356 [main] INFO  o.a.camel.spring.SpringCamelContext.doStartCamel - StreamCaching is not in use. If using streams then its recommended to enable stream caching. See more details at http://camel.apache.org/stream-caching.html
23-01-2019 16:20:47.394 [main] INFO  o.a.camel.spring.SpringCamelContext.doStartOrResumeRouteConsumers - Route: route1 started and consuming from: timer://hello?period=10s
23-01-2019 16:20:47.395 [main] INFO  o.a.camel.spring.SpringCamelContext.start - Total 1 routes, of which 1 are started
23-01-2019 16:20:47.395 [main] INFO  o.a.camel.spring.SpringCamelContext.start - Apache Camel 2.23.1 (CamelContext: camel-1) started in 0.217 seconds
23-01-2019 16:20:48.398 [Camel (camel-1) thread #1 - timer://hello] INFO  route1.log - Timer invoked and the body is null
23-01-2019 16:20:48.442 [Camel (camel-1) thread #1 - timer://hello] INFO  route1.log - The unmarshalled object is [Item(transactionType=ADD, sku=100, itemDescription=Samsung TV, price=500.00), Item(transactionType=ADD, sku=101, itemDescription=LG TV, price=500.00)]
23-01-2019 16:20:50.535 [main] INFO  o.a.camel.spring.SpringCamelContext.doStop - Apache Camel 2.23.1 (CamelContext: camel-1) is shutting down
23-01-2019 16:20:50.536 [main] INFO  o.a.c.impl.DefaultShutdownStrategy.doShutdown - Starting to graceful shutdown 1 routes (timeout 10 seconds)
23-01-2019 16:20:50.540 [Camel (camel-1) thread #2 - ShutdownTask] INFO  o.a.c.impl.DefaultShutdownStrategy.run - Route: route1 shutdown complete, was consuming from: timer://hello?period=10s
23-01-2019 16:20:50.540 [main] INFO  o.a.c.impl.DefaultShutdownStrategy.doShutdown - Graceful shutdown of 1 routes completed in 0 seconds
23-01-2019 16:20:50.543 [main] INFO  o.a.camel.spring.SpringCamelContext.doStop - Apache Camel 2.23.1 (CamelContext: camel-1) uptime 3.365 seconds
23-01-2019 16:20:50.543 [main] INFO  o.a.camel.spring.SpringCamelContext.doStop - Apache Camel 2.23.1 (CamelContext: camel-1) is shutdown in 0.008 seconds
23-01-2019 16:20:50.545 [main] INFO  o.s.s.c.ThreadPoolTaskExecutor.shutdown - Shutting down ExecutorService 'applicationTaskExecutor'
23-01-2019 16:20:50.545 [main] INFO  e.b.camel.route.SimpleCamelRouteTest.afterTestMethod - ********************************************************************************
23-01-2019 16:20:50.545 [main] INFO  e.b.camel.route.SimpleCamelRouteTest.afterTestMethod - Testing done: testMoveFile(edu.boot.camel.route.SimpleCamelRouteTest)
23-01-2019 16:20:50.545 [main] INFO  e.b.camel.route.SimpleCamelRouteTest.afterTestMethod - Took: 3.150 seconds (3150 millis)
23-01-2019 16:20:50.545 [main] INFO  e.b.camel.route.SimpleCamelRouteTest.afterTestMethod - ********************************************************************************
23-01-2019 16:20:50.545 [main] INFO  o.a.c.t.s.CamelSpringBootExecutionListener.afterTestMethod - @RunWith(CamelSpringBootRunner.class) after: class edu.boot.camel.route.SimpleCamelRouteTest.testMoveFile
23-01-2019 16:24:19.873 [main] INFO  o.s.b.t.c.SpringBootTestContextBootstrapper.buildDefaultMergedContextConfiguration - Neither @ContextConfiguration nor @ContextHierarchy found for test class [edu.boot.camel.route.SimpleCamelRouteTest], using SpringBootContextLoader
23-01-2019 16:24:19.879 [main] INFO  o.s.t.c.s.AbstractContextLoader.generateDefaultLocations - Could not detect default resource locations for test class [edu.boot.camel.route.SimpleCamelRouteTest]: no resource found for suffixes {-context.xml, Context.groovy}.
23-01-2019 16:24:19.880 [main] INFO  o.s.t.c.s.AnnotationConfigContextLoaderUtils.detectDefaultConfigurationClasses - Could not detect default configuration classes for test class [edu.boot.camel.route.SimpleCamelRouteTest]: SimpleCamelRouteTest does not declare any static, non-private, non-final, nested classes annotated with @Configuration.
23-01-2019 16:24:19.983 [main] INFO  o.s.b.t.c.SpringBootTestContextBootstrapper.getOrFindConfigurationClasses - Found @SpringBootConfiguration edu.boot.camel.BootCamelApplication for test class edu.boot.camel.route.SimpleCamelRouteTest
23-01-2019 16:24:20.072 [main] INFO  o.s.b.t.c.SpringBootTestContextBootstrapper.getDefaultTestExecutionListenerClassNames - Loaded default TestExecutionListener class names from location [META-INF/spring.factories]: [org.springframework.boot.test.mock.mockito.MockitoTestExecutionListener, org.springframework.boot.test.mock.mockito.ResetMocksTestExecutionListener, org.springframework.boot.test.autoconfigure.restdocs.RestDocsTestExecutionListener, org.springframework.boot.test.autoconfigure.web.client.MockRestServiceServerResetTestExecutionListener, org.springframework.boot.test.autoconfigure.web.servlet.MockMvcPrintOnlyOnFailureTestExecutionListener, org.springframework.boot.test.autoconfigure.web.servlet.WebDriverTestExecutionListener, org.springframework.test.context.web.ServletTestExecutionListener, org.springframework.test.context.support.DirtiesContextBeforeModesTestExecutionListener, org.springframework.test.context.support.DependencyInjectionTestExecutionListener, org.springframework.test.context.support.DirtiesContextTestExecutionListener, org.springframework.test.context.transaction.TransactionalTestExecutionListener, org.springframework.test.context.jdbc.SqlScriptsTestExecutionListener]
23-01-2019 16:24:20.086 [main] INFO  o.s.b.t.c.SpringBootTestContextBootstrapper.getTestExecutionListeners - Using TestExecutionListeners: [org.springframework.test.context.web.ServletTestExecutionListener@ddbd7e, org.springframework.test.context.support.DirtiesContextBeforeModesTestExecutionListener@e52ef6, org.springframework.boot.test.mock.mockito.MockitoTestExecutionListener@d3ccb2, org.springframework.boot.test.autoconfigure.SpringBootDependencyInjectionTestExecutionListener@677343, org.springframework.test.context.support.DirtiesContextTestExecutionListener@1de0b3c, org.springframework.test.context.transaction.TransactionalTestExecutionListener@9115ef, org.springframework.test.context.jdbc.SqlScriptsTestExecutionListener@57f613, org.springframework.boot.test.mock.mockito.ResetMocksTestExecutionListener@18b6731, org.springframework.boot.test.autoconfigure.restdocs.RestDocsTestExecutionListener@6908d7, org.springframework.boot.test.autoconfigure.web.client.MockRestServiceServerResetTestExecutionListener@9754d8, org.springframework.boot.test.autoconfigure.web.servlet.MockMvcPrintOnlyOnFailureTestExecutionListener@1f7ca37, org.springframework.boot.test.autoconfigure.web.servlet.WebDriverTestExecutionListener@1079097]
23-01-2019 16:24:20.111 [main] INFO  o.a.c.t.s.CamelSpringBootExecutionListener.prepareTestInstance - @RunWith(CamelSpringBootRunner.class) preparing: class edu.boot.camel.route.SimpleCamelRouteTest
23-01-2019 16:24:20.421 [main] INFO  e.b.camel.route.SimpleCamelRouteTest.logStarting - Starting SimpleCamelRouteTest on ODE-1970 with PID 24792 (started by rmathew in C:\Users\rmathew\camel-workspace\BootCamel)
23-01-2019 16:24:20.421 [main] INFO  e.b.camel.route.SimpleCamelRouteTest.logStartupProfileInfo - The following profiles are active: dev
23-01-2019 16:24:21.384 [main] INFO  o.s.c.s.PostProcessorRegistrationDelegate$BeanPostProcessorChecker.postProcessAfterInitialization - Bean 'org.apache.camel.spring.boot.CamelAutoConfiguration' of type [org.apache.camel.spring.boot.CamelAutoConfiguration$$EnhancerBySpringCGLIB$$a1ca9261] is not eligible for getting processed by all BeanPostProcessors (for example: not eligible for auto-proxying)
23-01-2019 16:24:21.976 [main] INFO  o.s.s.c.ThreadPoolTaskExecutor.initialize - Initializing ExecutorService 'applicationTaskExecutor'
23-01-2019 16:24:22.306 [main] INFO  o.a.c.i.c.DefaultTypeConverter.doStart - Type converters loaded (core: 195, classpath: 1)
23-01-2019 16:24:22.832 [main] INFO  e.boot.camel.route.SimpleCamelRoute.configure - Starting the camel route
23-01-2019 16:24:22.877 [main] INFO  e.boot.camel.route.SimpleCamelRoute.configure - Ending the camel route
23-01-2019 16:24:22.877 [main] INFO  o.a.c.spring.boot.RoutesCollector.loadXmlRoutes - Loading additional Camel XML routes from: classpath:camel/*.xml
23-01-2019 16:24:22.878 [main] INFO  o.a.c.spring.boot.RoutesCollector.loadXmlRests - Loading additional Camel XML rests from: classpath:camel-rest/*.xml
23-01-2019 16:24:22.884 [main] INFO  e.b.camel.route.SimpleCamelRouteTest.logStarted - Started SimpleCamelRouteTest in 2.706 seconds (JVM running for 3.463)
23-01-2019 16:24:22.889 [main] INFO  o.a.c.t.s.CamelAnnotationsHandler.execute - Setting shutdown timeout to [10 SECONDS] on CamelContext with name [camelContext].
23-01-2019 16:24:22.924 [main] INFO  o.a.c.t.s.CamelSpringBootExecutionListener.beforeTestMethod - @RunWith(CamelSpringBootRunner.class) before: class edu.boot.camel.route.SimpleCamelRouteTest.testMoveFile
23-01-2019 16:24:22.924 [main] INFO  o.a.c.t.s.CamelSpringBootExecutionListener.beforeTestMethod - Initialized CamelSpringBootRunner now ready to start CamelContext
23-01-2019 16:24:22.924 [main] INFO  o.a.c.t.s.CamelAnnotationsHandler.execute - Starting CamelContext with name [camelContext].
23-01-2019 16:24:22.925 [main] INFO  o.a.camel.spring.SpringCamelContext.start - Apache Camel 2.23.1 (CamelContext: camel-1) is starting
23-01-2019 16:24:22.926 [main] INFO  o.a.c.m.ManagedManagementStrategy.doStart - JMX is enabled
23-01-2019 16:24:23.211 [main] INFO  o.a.camel.spring.SpringCamelContext.doStartCamel - StreamCaching is not in use. If using streams then its recommended to enable stream caching. See more details at http://camel.apache.org/stream-caching.html
23-01-2019 16:24:23.261 [main] INFO  o.a.camel.spring.SpringCamelContext.doStartOrResumeRouteConsumers - Route: route1 started and consuming from: timer://hello?period=10s
23-01-2019 16:24:23.262 [main] INFO  o.a.camel.spring.SpringCamelContext.start - Total 1 routes, of which 1 are started
23-01-2019 16:24:23.263 [main] INFO  o.a.camel.spring.SpringCamelContext.start - Apache Camel 2.23.1 (CamelContext: camel-1) started in 0.339 seconds
23-01-2019 16:24:24.264 [Camel (camel-1) thread #1 - timer://hello] INFO  route1.log - Timer invoked and the body is null
23-01-2019 16:24:24.308 [Camel (camel-1) thread #1 - timer://hello] INFO  route1.log - The unmarshalled object is [Item(transactionType=ADD, sku=100, itemDescription=Samsung TV, price=500.00), Item(transactionType=ADD, sku=101, itemDescription=LG TV, price=500.00)]
23-01-2019 16:24:24.349 [Camel (camel-1) thread #1 - timer://hello] INFO  route1.log - Record is Item(transactionType=ADD, sku=100, itemDescription=Samsung TV, price=500.00)
23-01-2019 16:24:24.350 [Camel (camel-1) thread #1 - timer://hello] INFO  route1.log - Record is Item(transactionType=ADD, sku=101, itemDescription=LG TV, price=500.00)
23-01-2019 16:24:26.460 [main] INFO  o.a.camel.spring.SpringCamelContext.doStop - Apache Camel 2.23.1 (CamelContext: camel-1) is shutting down
23-01-2019 16:24:26.462 [main] INFO  o.a.c.impl.DefaultShutdownStrategy.doShutdown - Starting to graceful shutdown 1 routes (timeout 10 seconds)
23-01-2019 16:24:26.470 [Camel (camel-1) thread #2 - ShutdownTask] INFO  o.a.c.impl.DefaultShutdownStrategy.run - Route: route1 shutdown complete, was consuming from: timer://hello?period=10s
23-01-2019 16:24:26.471 [main] INFO  o.a.c.impl.DefaultShutdownStrategy.doShutdown - Graceful shutdown of 1 routes completed in 0 seconds
23-01-2019 16:24:26.474 [main] INFO  o.a.camel.spring.SpringCamelContext.doStop - Apache Camel 2.23.1 (CamelContext: camel-1) uptime 3.550 seconds
23-01-2019 16:24:26.475 [main] INFO  o.a.camel.spring.SpringCamelContext.doStop - Apache Camel 2.23.1 (CamelContext: camel-1) is shutdown in 0.015 seconds
23-01-2019 16:24:26.476 [main] INFO  o.s.s.c.ThreadPoolTaskExecutor.shutdown - Shutting down ExecutorService 'applicationTaskExecutor'
23-01-2019 16:24:26.476 [main] INFO  e.b.camel.route.SimpleCamelRouteTest.afterTestMethod - ********************************************************************************
23-01-2019 16:24:26.476 [main] INFO  e.b.camel.route.SimpleCamelRouteTest.afterTestMethod - Testing done: testMoveFile(edu.boot.camel.route.SimpleCamelRouteTest)
23-01-2019 16:24:26.476 [main] INFO  e.b.camel.route.SimpleCamelRouteTest.afterTestMethod - Took: 3.212 seconds (3212 millis)
23-01-2019 16:24:26.476 [main] INFO  e.b.camel.route.SimpleCamelRouteTest.afterTestMethod - ********************************************************************************
23-01-2019 16:24:26.477 [main] INFO  o.a.c.t.s.CamelSpringBootExecutionListener.afterTestMethod - @RunWith(CamelSpringBootRunner.class) after: class edu.boot.camel.route.SimpleCamelRouteTest.testMoveFile
